<?xml version="1.0" encoding="UTF-8"?>
<!-- Generated by org.testng.reporters.JUnitReportReporter -->
<testsuite hostname="Mohammad" failures="0" tests="1" name="tests_API.IntegrateLogin" time="2.375" errors="0" timestamp="2023-01-21T01:00:13 EST" skipped="0">
  <testcase classname="tests_API.IntegrateLogin" name="verifyLogin" time="2.375"/>
  <system-out/>
</testsuite> <!-- tests_API.IntegrateLogin -->
