<?xml version="1.0" encoding="UTF-8"?>
<!-- Generated by org.testng.reporters.JUnitReportReporter -->
<testsuite hostname="Mohammad" failures="0" tests="2" name="tests_API.IntegrateCreateCustomer" time="2.523" errors="0" timestamp="2023-01-21T01:00:29 EST" skipped="0">
  <testcase classname="tests_API.IntegrateCreateCustomer" name="verifyStatusCode" time="1.766"/>
  <system-out/>
  <testcase classname="tests_API.IntegrateCreateCustomer" name="verifyCustomerCreated" time="0.757"/>
  <system-out/>
</testsuite> <!-- tests_API.IntegrateCreateCustomer -->
