<?xml version="1.0" encoding="UTF-8"?>
<!-- Generated by org.testng.reporters.JUnitReportReporter -->
<testsuite hostname="Mohammad" failures="0" tests="2" name="tests_API.IntegrateUpdateCustomer" time="2.548" errors="0" timestamp="2023-01-21T01:01:51 EST" skipped="0">
  <testcase classname="tests_API.IntegrateUpdateCustomer" name="verifyCustomerUpdate" time="1.115"/>
  <system-out/>
  <testcase classname="tests_API.IntegrateUpdateCustomer" name="verifyStatusCode" time="1.433"/>
  <system-out/>
</testsuite> <!-- tests_API.IntegrateUpdateCustomer -->
